Connecting to database specified by database.yml
  [1m[36m (1.1ms)[0m  [1mselect sqlite_version(*)[0m
  [1m[35m (495.4ms)[0m  CREATE TABLE "schema_migrations" ("version" varchar(255) NOT NULL) 
  [1m[36m (629.8ms)[0m  [1mCREATE UNIQUE INDEX "unique_schema_migrations" ON "schema_migrations" ("version")[0m
  [1m[35m (9.2ms)[0m  SELECT "schema_migrations"."version" FROM "schema_migrations" 
Migrating to CreateMovies (20111119180638)
  [1m[36m (0.3ms)[0m  [1mbegin transaction[0m
  [1m[35m (2.0ms)[0m  CREATE TABLE "movies" ("id" INTEGER PRIMARY KEY AUTOINCREMENT NOT NULL, "title" varchar(255), "rating" varchar(255), "description" text, "release_date" datetime, "created_at" datetime NOT NULL, "updated_at" datetime NOT NULL) 
  [1m[36m (0.7ms)[0m  [1mINSERT INTO "schema_migrations" ("version") VALUES ('20111119180638')[0m
  [1m[35m (573.2ms)[0m  commit transaction
  [1m[36m (0.5ms)[0m  [1mSELECT "schema_migrations"."version" FROM "schema_migrations" [0m
Connecting to database specified by database.yml
  [1m[36m (3.2ms)[0m  [1mSELECT "schema_migrations"."version" FROM "schema_migrations" [0m
  [1m[35m (0.1ms)[0m  begin transaction
  [1m[36mSQL (9.3ms)[0m  [1mINSERT INTO "movies" ("created_at", "description", "rating", "release_date", "title", "updated_at") VALUES (?, ?, ?, ?, ?, ?)[0m  [["created_at", Mon, 10 Feb 2014 23:39:00 UTC +00:00], ["description", nil], ["rating", "G"], ["release_date", Wed, 25 Nov 1992 00:00:00 UTC +00:00], ["title", "Aladdin"], ["updated_at", Mon, 10 Feb 2014 23:39:00 UTC +00:00]]
  [1m[35m (370.3ms)[0m  commit transaction
  [1m[36m (0.2ms)[0m  [1mbegin transaction[0m
  [1m[35mSQL (1.2ms)[0m  INSERT INTO "movies" ("created_at", "description", "rating", "release_date", "title", "updated_at") VALUES (?, ?, ?, ?, ?, ?)  [["created_at", Mon, 10 Feb 2014 23:39:00 UTC +00:00], ["description", nil], ["rating", "R"], ["release_date", Fri, 26 Oct 1984 00:00:00 UTC +00:00], ["title", "The Terminator"], ["updated_at", Mon, 10 Feb 2014 23:39:00 UTC +00:00]]
  [1m[36m (534.0ms)[0m  [1mcommit transaction[0m
  [1m[35m (0.2ms)[0m  begin transaction
  [1m[36mSQL (1.3ms)[0m  [1mINSERT INTO "movies" ("created_at", "description", "rating", "release_date", "title", "updated_at") VALUES (?, ?, ?, ?, ?, ?)[0m  [["created_at", Mon, 10 Feb 2014 23:39:00 UTC +00:00], ["description", nil], ["rating", "R"], ["release_date", Fri, 21 Jul 1989 00:00:00 UTC +00:00], ["title", "When Harry Met Sally"], ["updated_at", Mon, 10 Feb 2014 23:39:00 UTC +00:00]]
  [1m[35m (592.1ms)[0m  commit transaction
  [1m[36m (0.4ms)[0m  [1mbegin transaction[0m
  [1m[35mSQL (2.2ms)[0m  INSERT INTO "movies" ("created_at", "description", "rating", "release_date", "title", "updated_at") VALUES (?, ?, ?, ?, ?, ?)  [["created_at", Mon, 10 Feb 2014 23:39:01 UTC +00:00], ["description", nil], ["rating", "PG-13"], ["release_date", Wed, 10 Aug 2011 00:00:00 UTC +00:00], ["title", "The Help"], ["updated_at", Mon, 10 Feb 2014 23:39:01 UTC +00:00]]
  [1m[36m (568.7ms)[0m  [1mcommit transaction[0m
  [1m[35m (0.2ms)[0m  begin transaction
  [1m[36mSQL (1.0ms)[0m  [1mINSERT INTO "movies" ("created_at", "description", "rating", "release_date", "title", "updated_at") VALUES (?, ?, ?, ?, ?, ?)[0m  [["created_at", Mon, 10 Feb 2014 23:39:02 UTC +00:00], ["description", nil], ["rating", "PG-13"], ["release_date", Fri, 05 Jan 2001 00:00:00 UTC +00:00], ["title", "Chocolat"], ["updated_at", Mon, 10 Feb 2014 23:39:02 UTC +00:00]]
  [1m[35m (559.4ms)[0m  commit transaction
  [1m[36m (0.2ms)[0m  [1mbegin transaction[0m
  [1m[35mSQL (0.7ms)[0m  INSERT INTO "movies" ("created_at", "description", "rating", "release_date", "title", "updated_at") VALUES (?, ?, ?, ?, ?, ?)  [["created_at", Mon, 10 Feb 2014 23:39:02 UTC +00:00], ["description", nil], ["rating", "R"], ["release_date", Wed, 25 Apr 2001 00:00:00 UTC +00:00], ["title", "Amelie"], ["updated_at", Mon, 10 Feb 2014 23:39:02 UTC +00:00]]
  [1m[36m (475.4ms)[0m  [1mcommit transaction[0m
  [1m[35m (0.4ms)[0m  begin transaction
  [1m[36mSQL (3.1ms)[0m  [1mINSERT INTO "movies" ("created_at", "description", "rating", "release_date", "title", "updated_at") VALUES (?, ?, ?, ?, ?, ?)[0m  [["created_at", Mon, 10 Feb 2014 23:39:03 UTC +00:00], ["description", nil], ["rating", "G"], ["release_date", Sat, 06 Apr 1968 00:00:00 UTC +00:00], ["title", "2001: A Space Odyssey"], ["updated_at", Mon, 10 Feb 2014 23:39:03 UTC +00:00]]
  [1m[35m (550.2ms)[0m  commit transaction
  [1m[36m (0.2ms)[0m  [1mbegin transaction[0m
  [1m[35mSQL (1.1ms)[0m  INSERT INTO "movies" ("created_at", "description", "rating", "release_date", "title", "updated_at") VALUES (?, ?, ?, ?, ?, ?)  [["created_at", Mon, 10 Feb 2014 23:39:03 UTC +00:00], ["description", nil], ["rating", "PG"], ["release_date", Fri, 05 Nov 2004 00:00:00 UTC +00:00], ["title", "The Incredibles"], ["updated_at", Mon, 10 Feb 2014 23:39:03 UTC +00:00]]
  [1m[36m (503.1ms)[0m  [1mcommit transaction[0m
  [1m[35m (0.2ms)[0m  begin transaction
  [1m[36mSQL (0.7ms)[0m  [1mINSERT INTO "movies" ("created_at", "description", "rating", "release_date", "title", "updated_at") VALUES (?, ?, ?, ?, ?, ?)[0m  [["created_at", Mon, 10 Feb 2014 23:39:04 UTC +00:00], ["description", nil], ["rating", "PG"], ["release_date", Fri, 12 Jun 1981 00:00:00 UTC +00:00], ["title", "Raiders of the Lost Ark"], ["updated_at", Mon, 10 Feb 2014 23:39:04 UTC +00:00]]
  [1m[35m (541.6ms)[0m  commit transaction
  [1m[36m (0.2ms)[0m  [1mbegin transaction[0m
  [1m[35mSQL (1.3ms)[0m  INSERT INTO "movies" ("created_at", "description", "rating", "release_date", "title", "updated_at") VALUES (?, ?, ?, ?, ?, ?)  [["created_at", Mon, 10 Feb 2014 23:39:04 UTC +00:00], ["description", nil], ["rating", "G"], ["release_date", Wed, 21 Jun 2000 00:00:00 UTC +00:00], ["title", "Chicken Run"], ["updated_at", Mon, 10 Feb 2014 23:39:04 UTC +00:00]]
  [1m[36m (567.4ms)[0m  [1mcommit transaction[0m


Started GET "/assets/rails.png" for 127.0.0.1 at 2014-02-10 19:39:31 -0400
Connecting to database specified by database.yml
Served asset /rails.png - 200 OK (11ms)


Started GET "/movies" for 127.0.0.1 at 2014-02-10 19:39:49 -0400
Processing by MoviesController#index as HTML
  [1m[36mMovie Load (0.6ms)[0m  [1mSELECT "movies".* FROM "movies" [0m
  Rendered movies/index.html.haml within layouts/application (28.5ms)
Compiled application.css  (0ms)  (pid 2939)
Compiled jquery.js  (56ms)  (pid 2939)
Compiled jquery_ujs.js  (1ms)  (pid 2939)
Compiled application.js  (162ms)  (pid 2939)
Completed 200 OK in 465ms (Views: 427.6ms | ActiveRecord: 0.6ms)


Started GET "/assets/application.css?body=1" for 127.0.0.1 at 2014-02-10 19:39:50 -0400
Served asset /application.css - 200 OK (97ms)


Started GET "/assets/application.js?body=1" for 127.0.0.1 at 2014-02-10 19:39:50 -0400
Served asset /application.js - 200 OK (62ms)


Started GET "/assets/jquery_ujs.js?body=1" for 127.0.0.1 at 2014-02-10 19:39:50 -0400
Served asset /jquery_ujs.js - 200 OK (43ms)


Started GET "/assets/jquery.js?body=1" for 127.0.0.1 at 2014-02-10 19:39:50 -0400
Served asset /jquery.js - 200 OK (32ms)
Connecting to database specified by database.yml
  [1m[36m (2.5ms)[0m  [1mSELECT "schema_migrations"."version" FROM "schema_migrations" [0m
Migrating to CreateMovies (20111119180638)
  [1m[35m (0.2ms)[0m  select sqlite_version(*)
  [1m[36m (0.1ms)[0m  [1mSELECT "schema_migrations"."version" FROM "schema_migrations" [0m
Connecting to database specified by database.yml
  [1m[36m (2.2ms)[0m  [1mSELECT "schema_migrations"."version" FROM "schema_migrations" [0m
  [1m[35m (0.1ms)[0m  begin transaction
  [1m[36mSQL (7.0ms)[0m  [1mINSERT INTO "movies" ("created_at", "description", "rating", "release_date", "title", "updated_at") VALUES (?, ?, ?, ?, ?, ?)[0m  [["created_at", Tue, 11 Feb 2014 00:01:37 UTC +00:00], ["description", nil], ["rating", "G"], ["release_date", Wed, 25 Nov 1992 00:00:00 UTC +00:00], ["title", "Aladdin"], ["updated_at", Tue, 11 Feb 2014 00:01:37 UTC +00:00]]
  [1m[35m (429.2ms)[0m  commit transaction
  [1m[36m (0.3ms)[0m  [1mbegin transaction[0m
  [1m[35mSQL (1.7ms)[0m  INSERT INTO "movies" ("created_at", "description", "rating", "release_date", "title", "updated_at") VALUES (?, ?, ?, ?, ?, ?)  [["created_at", Tue, 11 Feb 2014 00:01:38 UTC +00:00], ["description", nil], ["rating", "R"], ["release_date", Fri, 26 Oct 1984 00:00:00 UTC +00:00], ["title", "The Terminator"], ["updated_at", Tue, 11 Feb 2014 00:01:38 UTC +00:00]]
  [1m[36m (487.3ms)[0m  [1mcommit transaction[0m
  [1m[35m (0.2ms)[0m  begin transaction
  [1m[36mSQL (1.1ms)[0m  [1mINSERT INTO "movies" ("created_at", "description", "rating", "release_date", "title", "updated_at") VALUES (?, ?, ?, ?, ?, ?)[0m  [["created_at", Tue, 11 Feb 2014 00:01:38 UTC +00:00], ["description", nil], ["rating", "R"], ["release_date", Fri, 21 Jul 1989 00:00:00 UTC +00:00], ["title", "When Harry Met Sally"], ["updated_at", Tue, 11 Feb 2014 00:01:38 UTC +00:00]]
  [1m[35m (504.9ms)[0m  commit transaction
  [1m[36m (0.3ms)[0m  [1mbegin transaction[0m
  [1m[35mSQL (1.4ms)[0m  INSERT INTO "movies" ("created_at", "description", "rating", "release_date", "title", "updated_at") VALUES (?, ?, ?, ?, ?, ?)  [["created_at", Tue, 11 Feb 2014 00:01:39 UTC +00:00], ["description", nil], ["rating", "PG-13"], ["release_date", Wed, 10 Aug 2011 00:00:00 UTC +00:00], ["title", "The Help"], ["updated_at", Tue, 11 Feb 2014 00:01:39 UTC +00:00]]
  [1m[36m (522.4ms)[0m  [1mcommit transaction[0m
  [1m[35m (0.2ms)[0m  begin transaction
  [1m[36mSQL (1.1ms)[0m  [1mINSERT INTO "movies" ("created_at", "description", "rating", "release_date", "title", "updated_at") VALUES (?, ?, ?, ?, ?, ?)[0m  [["created_at", Tue, 11 Feb 2014 00:01:39 UTC +00:00], ["description", nil], ["rating", "PG-13"], ["release_date", Fri, 05 Jan 2001 00:00:00 UTC +00:00], ["title", "Chocolat"], ["updated_at", Tue, 11 Feb 2014 00:01:39 UTC +00:00]]
  [1m[35m (514.2ms)[0m  commit transaction
  [1m[36m (0.3ms)[0m  [1mbegin transaction[0m
  [1m[35mSQL (1.3ms)[0m  INSERT INTO "movies" ("created_at", "description", "rating", "release_date", "title", "updated_at") VALUES (?, ?, ?, ?, ?, ?)  [["created_at", Tue, 11 Feb 2014 00:01:40 UTC +00:00], ["description", nil], ["rating", "R"], ["release_date", Wed, 25 Apr 2001 00:00:00 UTC +00:00], ["title", "Amelie"], ["updated_at", Tue, 11 Feb 2014 00:01:40 UTC +00:00]]
  [1m[36m (505.2ms)[0m  [1mcommit transaction[0m
  [1m[35m (0.2ms)[0m  begin transaction
  [1m[36mSQL (1.1ms)[0m  [1mINSERT INTO "movies" ("created_at", "description", "rating", "release_date", "title", "updated_at") VALUES (?, ?, ?, ?, ?, ?)[0m  [["created_at", Tue, 11 Feb 2014 00:01:40 UTC +00:00], ["description", nil], ["rating", "G"], ["release_date", Sat, 06 Apr 1968 00:00:00 UTC +00:00], ["title", "2001: A Space Odyssey"], ["updated_at", Tue, 11 Feb 2014 00:01:40 UTC +00:00]]
  [1m[35m (503.7ms)[0m  commit transaction
  [1m[36m (0.2ms)[0m  [1mbegin transaction[0m
  [1m[35mSQL (1.5ms)[0m  INSERT INTO "movies" ("created_at", "description", "rating", "release_date", "title", "updated_at") VALUES (?, ?, ?, ?, ?, ?)  [["created_at", Tue, 11 Feb 2014 00:01:41 UTC +00:00], ["description", nil], ["rating", "PG"], ["release_date", Fri, 05 Nov 2004 00:00:00 UTC +00:00], ["title", "The Incredibles"], ["updated_at", Tue, 11 Feb 2014 00:01:41 UTC +00:00]]
  [1m[36m (504.1ms)[0m  [1mcommit transaction[0m
  [1m[35m (0.2ms)[0m  begin transaction
  [1m[36mSQL (1.5ms)[0m  [1mINSERT INTO "movies" ("created_at", "description", "rating", "release_date", "title", "updated_at") VALUES (?, ?, ?, ?, ?, ?)[0m  [["created_at", Tue, 11 Feb 2014 00:01:41 UTC +00:00], ["description", nil], ["rating", "PG"], ["release_date", Fri, 12 Jun 1981 00:00:00 UTC +00:00], ["title", "Raiders of the Lost Ark"], ["updated_at", Tue, 11 Feb 2014 00:01:41 UTC +00:00]]
  [1m[35m (579.3ms)[0m  commit transaction
  [1m[36m (0.3ms)[0m  [1mbegin transaction[0m
  [1m[35mSQL (1.1ms)[0m  INSERT INTO "movies" ("created_at", "description", "rating", "release_date", "title", "updated_at") VALUES (?, ?, ?, ?, ?, ?)  [["created_at", Tue, 11 Feb 2014 00:01:42 UTC +00:00], ["description", nil], ["rating", "G"], ["release_date", Wed, 21 Jun 2000 00:00:00 UTC +00:00], ["title", "Chicken Run"], ["updated_at", Tue, 11 Feb 2014 00:01:42 UTC +00:00]]
  [1m[36m (492.2ms)[0m  [1mcommit transaction[0m
